Arguments: 
  /home/wachuma/.nvm/versions/node/v16.18.1/bin/node /usr/bin/yarn build

PATH: 
  /home/wachuma/.local/bin:/home/wachuma/.nvm/versions/node/v16.18.1/bin:/home/wachuma/.cargo/bin:/home/wachuma/.local/bin:/usr/local/sbin:/usr/local/bin:/usr/sbin:/usr/bin:/sbin:/bin:/usr/games:/usr/local/games:/snap/bin:/snap/bin

Yarn version: 
  1.22.19

Node version: 
  16.18.1

Platform: 
  linux x64

Trace: 
  SyntaxError: /home/wachuma/Blockchain/stellar/esteblock/soroban-react/packages/types/package.json: Unexpected token } in JSON at position 230
      at JSON.parse (<anonymous>)
      at /usr/lib/node_modules/yarn/lib/cli.js:1629:59
      at Generator.next (<anonymous>)
      at step (/usr/lib/node_modules/yarn/lib/cli.js:310:30)
      at /usr/lib/node_modules/yarn/lib/cli.js:321:13

npm manifest: 
  {
    "name": "@soroban-react/types",
    "keywords": [
      "soroban-react",
      "freighter"
    ],
    "license": "Apache-2.0",
    "repository": "github:esteblock/soroban-react",
    "version": "1.0.0",
    "scripts": {
      "build": "tsc",
    },
    "main": "dist/index.js",
    "types": "dist/index.d.ts",
    "files": [
      "/dist"
    ],
    "dependencies": {
      "@stellar/freighter-api": "^1.3.1"
    }
  }

yarn manifest: 
  No manifest

Lockfile: 
  # THIS IS AN AUTOGENERATED FILE. DO NOT EDIT THIS FILE DIRECTLY.
  # yarn lockfile v1
  
  
  "@stellar/freighter-api@^1.3.1":
    version "1.3.1"
    resolved "https://registry.yarnpkg.com/@stellar/freighter-api/-/freighter-api-1.3.1.tgz#8cd38d054f9b670ed64a226164b92a63b3aedbc7"
    integrity sha512-Up8TjHxhw6NCZb1qA1O2jlnnRrd5ZKs9ZHLGa2D501HmVD4yav2SKiuG18xe/PMsbg3S4mAIN4nhG+c06wPCYw==
