0 silly argv {
0 silly argv   _: [ 'run' ],
0 silly argv   lernaVersion: '6.6.2',
0 silly argv   '$0': 'node_modules/.bin/lerna',
0 silly argv   script: 'build'
0 silly argv }
1 notice cli v6.6.2
2 verbose rootPath /home/ben/stellar/paltalabsdev/soroban-react
3 error JSONError: Expected double-quoted property name in JSON at position 639 while parsing '{  "name": "@soroban-react/connect-butt' in packages/connect-button/package.json
3 error
3 error [0m [90m 23 |[39m   [32m"dependencies"[39m[33m:[39m {[0m
3 error [0m [90m 24 |[39m     [32m"@soroban-react/core"[39m[33m:[39m [32m"/home/ben/stellar/paltalabsdev/soroban-react/packages/core"[39m[33m,[39m[0m
3 error [0m[31m[1m>[22m[39m[90m 25 |[39m   }[33m,[39m[0m
3 error [0m [90m    |[39m   [31m[1m^[22m[39m[0m
3 error [0m [90m 26 |[39m   [32m"peerDependencies"[39m[33m:[39m {[0m
3 error [0m [90m 27 |[39m     [32m"react"[39m[33m:[39m [32m">=16.8"[39m[0m
3 error [0m [90m 28 |[39m   }[33m,[39m[0m
3 error
3 error     at parseJson (/home/ben/stellar/paltalabsdev/soroban-react/node_modules/parse-json/index.js:29:21)
3 error     at parse (/home/ben/stellar/paltalabsdev/soroban-react/node_modules/load-json-file/index.js:15:9)
3 error     at module.exports (/home/ben/stellar/paltalabsdev/soroban-react/node_modules/load-json-file/index.js:18:47)
